{"/home/leonardo/development/algorithmsJS/linkedList/LinkedList.js": {"path":"/home/leonardo/development/algorithmsJS/linkedList/LinkedList.js","all":false,"statementMap":{"0":{"start":{"line":1,"column":0},"end":{"line":1,"column":31}},"1":{"start":{"line":2,"column":0},"end":{"line":2,"column":0}},"2":{"start":{"line":3,"column":0},"end":{"line":3,"column":18}},"3":{"start":{"line":4,"column":0},"end":{"line":4,"column":22}},"4":{"start":{"line":5,"column":0},"end":{"line":5,"column":36}},"5":{"start":{"line":6,"column":0},"end":{"line":6,"column":24}},"6":{"start":{"line":7,"column":0},"end":{"line":7,"column":26}},"7":{"start":{"line":8,"column":0},"end":{"line":8,"column":20}},"8":{"start":{"line":9,"column":0},"end":{"line":9,"column":3}},"9":{"start":{"line":10,"column":0},"end":{"line":10,"column":0}},"10":{"start":{"line":11,"column":0},"end":{"line":11,"column":15}},"11":{"start":{"line":12,"column":0},"end":{"line":12,"column":36}},"12":{"start":{"line":13,"column":0},"end":{"line":13,"column":21}},"13":{"start":{"line":14,"column":0},"end":{"line":14,"column":26}},"14":{"start":{"line":15,"column":0},"end":{"line":15,"column":26}},"15":{"start":{"line":16,"column":0},"end":{"line":16,"column":12}},"16":{"start":{"line":17,"column":0},"end":{"line":17,"column":31}},"17":{"start":{"line":18,"column":0},"end":{"line":18,"column":26}},"18":{"start":{"line":19,"column":0},"end":{"line":19,"column":5}},"19":{"start":{"line":20,"column":0},"end":{"line":20,"column":18}},"20":{"start":{"line":21,"column":0},"end":{"line":21,"column":16}},"21":{"start":{"line":22,"column":0},"end":{"line":22,"column":3}},"22":{"start":{"line":23,"column":0},"end":{"line":23,"column":0}},"23":{"start":{"line":24,"column":0},"end":{"line":24,"column":9}},"24":{"start":{"line":25,"column":0},"end":{"line":25,"column":37}},"25":{"start":{"line":26,"column":0},"end":{"line":26,"column":25}},"26":{"start":{"line":27,"column":0},"end":{"line":27,"column":24}},"27":{"start":{"line":28,"column":0},"end":{"line":28,"column":23}},"28":{"start":{"line":29,"column":0},"end":{"line":29,"column":17}},"29":{"start":{"line":30,"column":0},"end":{"line":30,"column":23}},"30":{"start":{"line":31,"column":0},"end":{"line":31,"column":5}},"31":{"start":{"line":32,"column":0},"end":{"line":32,"column":20}},"32":{"start":{"line":33,"column":0},"end":{"line":33,"column":26}},"33":{"start":{"line":34,"column":0},"end":{"line":34,"column":18}},"34":{"start":{"line":35,"column":0},"end":{"line":35,"column":28}},"35":{"start":{"line":36,"column":0},"end":{"line":36,"column":23}},"36":{"start":{"line":37,"column":0},"end":{"line":37,"column":23}},"37":{"start":{"line":38,"column":0},"end":{"line":38,"column":5}},"38":{"start":{"line":39,"column":0},"end":{"line":39,"column":16}},"39":{"start":{"line":40,"column":0},"end":{"line":40,"column":3}},"40":{"start":{"line":41,"column":0},"end":{"line":41,"column":0}},"41":{"start":{"line":42,"column":0},"end":{"line":42,"column":18}},"42":{"start":{"line":43,"column":0},"end":{"line":43,"column":36}},"43":{"start":{"line":44,"column":0},"end":{"line":44,"column":0}},"44":{"start":{"line":45,"column":0},"end":{"line":45,"column":21}},"45":{"start":{"line":46,"column":0},"end":{"line":46,"column":26}},"46":{"start":{"line":47,"column":0},"end":{"line":47,"column":26}},"47":{"start":{"line":48,"column":0},"end":{"line":48,"column":12}},"48":{"start":{"line":49,"column":0},"end":{"line":49,"column":31}},"49":{"start":{"line":50,"column":0},"end":{"line":50,"column":26}},"50":{"start":{"line":51,"column":0},"end":{"line":51,"column":5}},"51":{"start":{"line":52,"column":0},"end":{"line":52,"column":0}},"52":{"start":{"line":53,"column":0},"end":{"line":53,"column":18}},"53":{"start":{"line":54,"column":0},"end":{"line":54,"column":16}},"54":{"start":{"line":55,"column":0},"end":{"line":55,"column":3}},"55":{"start":{"line":56,"column":0},"end":{"line":56,"column":0}},"56":{"start":{"line":57,"column":0},"end":{"line":57,"column":11}},"57":{"start":{"line":58,"column":0},"end":{"line":58,"column":37}},"58":{"start":{"line":59,"column":0},"end":{"line":59,"column":25}},"59":{"start":{"line":60,"column":0},"end":{"line":60,"column":31}},"60":{"start":{"line":61,"column":0},"end":{"line":61,"column":21}},"61":{"start":{"line":62,"column":0},"end":{"line":62,"column":18}},"62":{"start":{"line":63,"column":0},"end":{"line":63,"column":28}},"63":{"start":{"line":64,"column":0},"end":{"line":64,"column":23}},"64":{"start":{"line":65,"column":0},"end":{"line":65,"column":5}},"65":{"start":{"line":66,"column":0},"end":{"line":66,"column":16}},"66":{"start":{"line":67,"column":0},"end":{"line":67,"column":3}},"67":{"start":{"line":68,"column":0},"end":{"line":68,"column":0}},"68":{"start":{"line":69,"column":0},"end":{"line":69,"column":14}},"69":{"start":{"line":70,"column":0},"end":{"line":70,"column":44}},"70":{"start":{"line":71,"column":0},"end":{"line":71,"column":23}},"71":{"start":{"line":72,"column":0},"end":{"line":72,"column":5}},"72":{"start":{"line":73,"column":0},"end":{"line":73,"column":25}},"73":{"start":{"line":74,"column":0},"end":{"line":74,"column":55}},"74":{"start":{"line":75,"column":0},"end":{"line":75,"column":23}},"75":{"start":{"line":76,"column":0},"end":{"line":76,"column":5}},"76":{"start":{"line":77,"column":0},"end":{"line":77,"column":16}},"77":{"start":{"line":78,"column":0},"end":{"line":78,"column":3}},"78":{"start":{"line":79,"column":0},"end":{"line":79,"column":0}},"79":{"start":{"line":80,"column":0},"end":{"line":80,"column":21}},"80":{"start":{"line":81,"column":0},"end":{"line":81,"column":33}},"81":{"start":{"line":82,"column":0},"end":{"line":82,"column":15}},"82":{"start":{"line":83,"column":0},"end":{"line":83,"column":25}},"83":{"start":{"line":84,"column":0},"end":{"line":84,"column":18}},"84":{"start":{"line":85,"column":0},"end":{"line":85,"column":5}},"85":{"start":{"line":86,"column":0},"end":{"line":86,"column":17}},"86":{"start":{"line":87,"column":0},"end":{"line":87,"column":3}},"87":{"start":{"line":88,"column":0},"end":{"line":88,"column":0}},"88":{"start":{"line":89,"column":0},"end":{"line":89,"column":24}},"89":{"start":{"line":90,"column":0},"end":{"line":90,"column":48}},"90":{"start":{"line":91,"column":0},"end":{"line":91,"column":55}},"91":{"start":{"line":92,"column":0},"end":{"line":92,"column":55}},"92":{"start":{"line":93,"column":0},"end":{"line":93,"column":0}},"93":{"start":{"line":94,"column":0},"end":{"line":94,"column":36}},"94":{"start":{"line":95,"column":0},"end":{"line":95,"column":37}},"95":{"start":{"line":96,"column":0},"end":{"line":96,"column":29}},"96":{"start":{"line":97,"column":0},"end":{"line":97,"column":0}},"97":{"start":{"line":98,"column":0},"end":{"line":98,"column":24}},"98":{"start":{"line":99,"column":0},"end":{"line":99,"column":0}},"99":{"start":{"line":100,"column":0},"end":{"line":100,"column":18}},"100":{"start":{"line":101,"column":0},"end":{"line":101,"column":16}},"101":{"start":{"line":102,"column":0},"end":{"line":102,"column":3}},"102":{"start":{"line":103,"column":0},"end":{"line":103,"column":0}},"103":{"start":{"line":104,"column":0},"end":{"line":104,"column":17}},"104":{"start":{"line":105,"column":0},"end":{"line":105,"column":55}},"105":{"start":{"line":106,"column":0},"end":{"line":106,"column":41}},"106":{"start":{"line":107,"column":0},"end":{"line":107,"column":53}},"107":{"start":{"line":108,"column":0},"end":{"line":108,"column":39}},"108":{"start":{"line":109,"column":0},"end":{"line":109,"column":29}},"109":{"start":{"line":110,"column":0},"end":{"line":110,"column":28}},"110":{"start":{"line":111,"column":0},"end":{"line":111,"column":21}},"111":{"start":{"line":112,"column":0},"end":{"line":112,"column":18}},"112":{"start":{"line":113,"column":0},"end":{"line":113,"column":16}},"113":{"start":{"line":114,"column":0},"end":{"line":114,"column":3}},"114":{"start":{"line":115,"column":0},"end":{"line":115,"column":0}},"115":{"start":{"line":116,"column":0},"end":{"line":116,"column":13}},"116":{"start":{"line":117,"column":0},"end":{"line":117,"column":25}},"117":{"start":{"line":118,"column":0},"end":{"line":118,"column":26}},"118":{"start":{"line":119,"column":0},"end":{"line":119,"column":21}},"119":{"start":{"line":120,"column":0},"end":{"line":120,"column":25}},"120":{"start":{"line":121,"column":0},"end":{"line":121,"column":20}},"121":{"start":{"line":122,"column":0},"end":{"line":122,"column":43}},"122":{"start":{"line":123,"column":0},"end":{"line":123,"column":23}},"123":{"start":{"line":124,"column":0},"end":{"line":124,"column":23}},"124":{"start":{"line":125,"column":0},"end":{"line":125,"column":18}},"125":{"start":{"line":126,"column":0},"end":{"line":126,"column":18}},"126":{"start":{"line":127,"column":0},"end":{"line":127,"column":5}},"127":{"start":{"line":128,"column":0},"end":{"line":128,"column":16}},"128":{"start":{"line":129,"column":0},"end":{"line":129,"column":3}},"129":{"start":{"line":130,"column":0},"end":{"line":130,"column":1}},"130":{"start":{"line":131,"column":0},"end":{"line":131,"column":0}},"131":{"start":{"line":132,"column":0},"end":{"line":132,"column":28}}},"s":{"0":1,"1":1,"2":1,"3":1,"4":25,"5":25,"6":25,"7":25,"8":25,"9":1,"10":1,"11":38,"12":38,"13":1,"14":1,"15":38,"16":37,"17":37,"18":37,"19":38,"20":38,"21":38,"22":1,"23":1,"24":4,"25":3,"26":3,"27":4,"28":4,"29":4,"30":4,"31":3,"32":3,"33":3,"34":4,"35":1,"36":1,"37":1,"38":4,"39":4,"40":1,"41":1,"42":3,"43":3,"44":3,"45":1,"46":1,"47":3,"48":2,"49":2,"50":2,"51":3,"52":3,"53":3,"54":3,"55":1,"56":1,"57":4,"58":3,"59":3,"60":3,"61":3,"62":4,"63":1,"64":1,"65":4,"66":4,"67":1,"68":1,"69":11,"70":3,"71":3,"72":8,"73":11,"74":11,"75":11,"76":8,"77":8,"78":1,"79":1,"80":2,"81":2,"82":1,"83":1,"84":1,"85":1,"86":1,"87":1,"88":1,"89":4,"90":4,"91":4,"92":1,"93":1,"94":1,"95":1,"96":1,"97":1,"98":1,"99":1,"100":1,"101":1,"102":1,"103":1,"104":4,"105":4,"106":4,"107":1,"108":1,"109":1,"110":1,"111":1,"112":1,"113":1,"114":1,"115":1,"116":1,"117":1,"118":1,"119":1,"120":1,"121":1,"122":3,"123":3,"124":3,"125":3,"126":3,"127":1,"128":1,"129":1,"130":1,"131":1},"branchMap":{"0":{"type":"branch","line":4,"loc":{"start":{"line":4,"column":2},"end":{"line":9,"column":3}},"locations":[{"start":{"line":4,"column":2},"end":{"line":9,"column":3}}]},"1":{"type":"branch","line":11,"loc":{"start":{"line":11,"column":2},"end":{"line":22,"column":3}},"locations":[{"start":{"line":11,"column":2},"end":{"line":22,"column":3}}]},"2":{"type":"branch","line":13,"loc":{"start":{"line":13,"column":20},"end":{"line":16,"column":11}},"locations":[{"start":{"line":13,"column":20},"end":{"line":16,"column":11}}]},"3":{"type":"branch","line":16,"loc":{"start":{"line":16,"column":5},"end":{"line":19,"column":5}},"locations":[{"start":{"line":16,"column":5},"end":{"line":19,"column":5}}]},"4":{"type":"branch","line":24,"loc":{"start":{"line":24,"column":2},"end":{"line":40,"column":3}},"locations":[{"start":{"line":24,"column":2},"end":{"line":40,"column":3}}]},"5":{"type":"branch","line":25,"loc":{"start":{"line":25,"column":20},"end":{"line":25,"column":27}},"locations":[{"start":{"line":25,"column":20},"end":{"line":25,"column":27}}]},"6":{"type":"branch","line":25,"loc":{"start":{"line":25,"column":20},"end":{"line":28,"column":11}},"locations":[{"start":{"line":25,"column":20},"end":{"line":28,"column":11}}]},"7":{"type":"branch","line":32,"loc":{"start":{"line":32,"column":-1},"end":{"line":35,"column":8}},"locations":[{"start":{"line":32,"column":-1},"end":{"line":35,"column":8}}]},"8":{"type":"branch","line":35,"loc":{"start":{"line":35,"column":27},"end":{"line":38,"column":5}},"locations":[{"start":{"line":35,"column":27},"end":{"line":38,"column":5}}]},"9":{"type":"branch","line":42,"loc":{"start":{"line":42,"column":2},"end":{"line":55,"column":3}},"locations":[{"start":{"line":42,"column":2},"end":{"line":55,"column":3}}]},"10":{"type":"branch","line":45,"loc":{"start":{"line":45,"column":20},"end":{"line":48,"column":11}},"locations":[{"start":{"line":45,"column":20},"end":{"line":48,"column":11}}]},"11":{"type":"branch","line":48,"loc":{"start":{"line":48,"column":5},"end":{"line":51,"column":5}},"locations":[{"start":{"line":48,"column":5},"end":{"line":51,"column":5}}]},"12":{"type":"branch","line":57,"loc":{"start":{"line":57,"column":2},"end":{"line":67,"column":3}},"locations":[{"start":{"line":57,"column":2},"end":{"line":67,"column":3}}]},"13":{"type":"branch","line":58,"loc":{"start":{"line":58,"column":20},"end":{"line":58,"column":27}},"locations":[{"start":{"line":58,"column":20},"end":{"line":58,"column":27}}]},"14":{"type":"branch","line":58,"loc":{"start":{"line":58,"column":20},"end":{"line":63,"column":8}},"locations":[{"start":{"line":58,"column":20},"end":{"line":63,"column":8}}]},"15":{"type":"branch","line":63,"loc":{"start":{"line":63,"column":27},"end":{"line":65,"column":5}},"locations":[{"start":{"line":63,"column":27},"end":{"line":65,"column":5}}]},"16":{"type":"branch","line":69,"loc":{"start":{"line":69,"column":2},"end":{"line":78,"column":3}},"locations":[{"start":{"line":69,"column":2},"end":{"line":78,"column":3}}]},"17":{"type":"branch","line":70,"loc":{"start":{"line":70,"column":8},"end":{"line":70,"column":43}},"locations":[{"start":{"line":70,"column":8},"end":{"line":70,"column":43}}]},"18":{"type":"branch","line":70,"loc":{"start":{"line":70,"column":43},"end":{"line":72,"column":5}},"locations":[{"start":{"line":70,"column":43},"end":{"line":72,"column":5}}]},"19":{"type":"branch","line":73,"loc":{"start":{"line":73,"column":-1},"end":{"line":74,"column":9}},"locations":[{"start":{"line":73,"column":-1},"end":{"line":74,"column":9}}]},"20":{"type":"branch","line":77,"loc":{"start":{"line":77,"column":-1},"end":{"line":78,"column":3}},"locations":[{"start":{"line":77,"column":-1},"end":{"line":78,"column":3}}]},"21":{"type":"branch","line":80,"loc":{"start":{"line":80,"column":2},"end":{"line":87,"column":3}},"locations":[{"start":{"line":80,"column":2},"end":{"line":87,"column":3}}]},"22":{"type":"branch","line":82,"loc":{"start":{"line":82,"column":14},"end":{"line":87,"column":3}},"locations":[{"start":{"line":82,"column":14},"end":{"line":87,"column":3}}]},"23":{"type":"branch","line":89,"loc":{"start":{"line":89,"column":2},"end":{"line":102,"column":3}},"locations":[{"start":{"line":89,"column":2},"end":{"line":102,"column":3}}]},"24":{"type":"branch","line":90,"loc":{"start":{"line":90,"column":21},"end":{"line":90,"column":28}},"locations":[{"start":{"line":90,"column":21},"end":{"line":90,"column":28}}]},"25":{"type":"branch","line":90,"loc":{"start":{"line":90,"column":21},"end":{"line":91,"column":8}},"locations":[{"start":{"line":90,"column":21},"end":{"line":91,"column":8}}]},"26":{"type":"branch","line":91,"loc":{"start":{"line":91,"column":31},"end":{"line":91,"column":38}},"locations":[{"start":{"line":91,"column":31},"end":{"line":91,"column":38}}]},"27":{"type":"branch","line":91,"loc":{"start":{"line":91,"column":31},"end":{"line":92,"column":42}},"locations":[{"start":{"line":91,"column":31},"end":{"line":92,"column":42}}]},"28":{"type":"branch","line":92,"loc":{"start":{"line":92,"column":42},"end":{"line":102,"column":3}},"locations":[{"start":{"line":92,"column":42},"end":{"line":102,"column":3}}]},"29":{"type":"branch","line":104,"loc":{"start":{"line":104,"column":2},"end":{"line":114,"column":3}},"locations":[{"start":{"line":104,"column":2},"end":{"line":114,"column":3}}]},"30":{"type":"branch","line":105,"loc":{"start":{"line":105,"column":42},"end":{"line":105,"column":49}},"locations":[{"start":{"line":105,"column":42},"end":{"line":105,"column":49}}]},"31":{"type":"branch","line":105,"loc":{"start":{"line":105,"column":42},"end":{"line":106,"column":8}},"locations":[{"start":{"line":105,"column":42},"end":{"line":106,"column":8}}]},"32":{"type":"branch","line":106,"loc":{"start":{"line":106,"column":21},"end":{"line":106,"column":28}},"locations":[{"start":{"line":106,"column":21},"end":{"line":106,"column":28}}]},"33":{"type":"branch","line":106,"loc":{"start":{"line":106,"column":21},"end":{"line":107,"column":8}},"locations":[{"start":{"line":106,"column":21},"end":{"line":107,"column":8}}]},"34":{"type":"branch","line":107,"loc":{"start":{"line":107,"column":35},"end":{"line":114,"column":3}},"locations":[{"start":{"line":107,"column":35},"end":{"line":114,"column":3}}]},"35":{"type":"branch","line":116,"loc":{"start":{"line":116,"column":2},"end":{"line":129,"column":3}},"locations":[{"start":{"line":116,"column":2},"end":{"line":129,"column":3}}]},"36":{"type":"branch","line":122,"loc":{"start":{"line":122,"column":42},"end":{"line":127,"column":5}},"locations":[{"start":{"line":122,"column":42},"end":{"line":127,"column":5}}]}},"b":{"0":[25],"1":[38],"2":[1],"3":[37],"4":[4],"5":[1],"6":[3],"7":[3],"8":[1],"9":[3],"10":[1],"11":[2],"12":[4],"13":[1],"14":[3],"15":[1],"16":[11],"17":[9],"18":[3],"19":[8],"20":[8],"21":[2],"22":[1],"23":[4],"24":[1],"25":[3],"26":[1],"27":[2],"28":[1],"29":[4],"30":[1],"31":[3],"32":[1],"33":[2],"34":[1],"35":[1],"36":[3]},"fnMap":{"0":{"name":"LinkedList","decl":{"start":{"line":4,"column":2},"end":{"line":9,"column":3}},"loc":{"start":{"line":4,"column":2},"end":{"line":9,"column":3}},"line":4},"1":{"name":"push","decl":{"start":{"line":11,"column":2},"end":{"line":22,"column":3}},"loc":{"start":{"line":11,"column":2},"end":{"line":22,"column":3}},"line":11},"2":{"name":"pop","decl":{"start":{"line":24,"column":2},"end":{"line":40,"column":3}},"loc":{"start":{"line":24,"column":2},"end":{"line":40,"column":3}},"line":24},"3":{"name":"unshift","decl":{"start":{"line":42,"column":2},"end":{"line":55,"column":3}},"loc":{"start":{"line":42,"column":2},"end":{"line":55,"column":3}},"line":42},"4":{"name":"shift","decl":{"start":{"line":57,"column":2},"end":{"line":67,"column":3}},"loc":{"start":{"line":57,"column":2},"end":{"line":67,"column":3}},"line":57},"5":{"name":"get","decl":{"start":{"line":69,"column":2},"end":{"line":78,"column":3}},"loc":{"start":{"line":69,"column":2},"end":{"line":78,"column":3}},"line":69},"6":{"name":"set","decl":{"start":{"line":80,"column":2},"end":{"line":87,"column":3}},"loc":{"start":{"line":80,"column":2},"end":{"line":87,"column":3}},"line":80},"7":{"name":"insert","decl":{"start":{"line":89,"column":2},"end":{"line":102,"column":3}},"loc":{"start":{"line":89,"column":2},"end":{"line":102,"column":3}},"line":89},"8":{"name":"remove","decl":{"start":{"line":104,"column":2},"end":{"line":114,"column":3}},"loc":{"start":{"line":104,"column":2},"end":{"line":114,"column":3}},"line":104},"9":{"name":"reverse","decl":{"start":{"line":116,"column":2},"end":{"line":129,"column":3}},"loc":{"start":{"line":116,"column":2},"end":{"line":129,"column":3}},"line":116}},"f":{"0":25,"1":38,"2":4,"3":3,"4":4,"5":11,"6":2,"7":4,"8":4,"9":1}}
,"/home/leonardo/development/algorithmsJS/linkedList/Node.js": {"path":"/home/leonardo/development/algorithmsJS/linkedList/Node.js","all":false,"statementMap":{"0":{"start":{"line":1,"column":0},"end":{"line":1,"column":12}},"1":{"start":{"line":2,"column":0},"end":{"line":2,"column":22}},"2":{"start":{"line":3,"column":0},"end":{"line":3,"column":23}},"3":{"start":{"line":4,"column":0},"end":{"line":4,"column":21}},"4":{"start":{"line":5,"column":0},"end":{"line":5,"column":3}},"5":{"start":{"line":6,"column":0},"end":{"line":6,"column":1}},"6":{"start":{"line":7,"column":0},"end":{"line":7,"column":0}},"7":{"start":{"line":8,"column":0},"end":{"line":8,"column":22}}},"s":{"0":1,"1":1,"2":75,"3":75,"4":75,"5":1,"6":1,"7":1},"branchMap":{"0":{"type":"branch","line":2,"loc":{"start":{"line":2,"column":2},"end":{"line":5,"column":3}},"locations":[{"start":{"line":2,"column":2},"end":{"line":5,"column":3}}]}},"b":{"0":[75]},"fnMap":{"0":{"name":"Node","decl":{"start":{"line":2,"column":2},"end":{"line":5,"column":3}},"loc":{"start":{"line":2,"column":2},"end":{"line":5,"column":3}},"line":2}},"f":{"0":75}}
}
