TN:
SF:linkedList/LinkedList.js
FN:4,LinkedList
FN:11,push
FN:24,pop
FN:42,unshift
FN:57,shift
FNF:5
FNH:5
FNDA:11,LinkedList
FNDA:7,push
FNDA:3,pop
FNDA:2,unshift
FNDA:3,shift
DA:1,1
DA:2,1
DA:3,1
DA:4,1
DA:5,11
DA:6,11
DA:7,11
DA:8,11
DA:9,11
DA:10,1
DA:11,1
DA:12,7
DA:13,7
DA:14,1
DA:15,1
DA:16,7
DA:17,6
DA:18,6
DA:19,6
DA:20,7
DA:21,7
DA:22,7
DA:23,1
DA:24,1
DA:25,3
DA:26,2
DA:27,2
DA:28,3
DA:29,1
DA:30,1
DA:31,1
DA:32,3
DA:33,3
DA:34,3
DA:35,3
DA:36,1
DA:37,1
DA:38,1
DA:39,3
DA:40,3
DA:41,1
DA:42,1
DA:43,2
DA:44,2
DA:45,2
DA:46,1
DA:47,1
DA:48,1
DA:49,1
DA:50,1
DA:51,1
DA:52,2
DA:53,2
DA:54,2
DA:55,2
DA:56,1
DA:57,1
DA:58,3
DA:59,2
DA:60,2
DA:61,2
DA:62,2
DA:63,3
DA:64,1
DA:65,1
DA:66,3
DA:67,3
DA:68,1
DA:69,1
DA:70,1
LF:70
LH:70
BRDA:4,0,0,11
BRDA:11,1,0,7
BRDA:13,2,0,1
BRDA:16,3,0,6
BRDA:24,4,0,3
BRDA:25,5,0,1
BRDA:25,6,0,2
BRDA:28,7,0,1
BRDA:35,8,0,1
BRDA:42,9,0,2
BRDA:45,10,0,1
BRDA:57,11,0,3
BRDA:58,12,0,1
BRDA:58,13,0,2
BRDA:63,14,0,1
BRF:15
BRH:15
end_of_record
TN:
SF:linkedList/Node.js
FN:2,Node
FNF:1
FNH:1
FNDA:25,Node
DA:1,1
DA:2,1
DA:3,25
DA:4,25
DA:5,25
DA:6,1
DA:7,1
DA:8,1
LF:8
LH:8
BRDA:2,0,0,25
BRF:1
BRH:1
end_of_record
