TN:
SF:linkedList/LinkedList.js
FN:4,LinkedList
FN:11,push
FN:24,pop
FN:42,unshift
FN:57,shift
FN:69,get
FN:80,set
FN:89,insert
FNF:8
FNH:8
FNDA:21,LinkedList
FNDA:26,push
FNDA:3,pop
FNDA:3,unshift
FNDA:3,shift
FNDA:11,get
FNDA:2,set
FNDA:5,insert
DA:1,1
DA:2,1
DA:3,1
DA:4,1
DA:5,21
DA:6,21
DA:7,21
DA:8,21
DA:9,21
DA:10,1
DA:11,1
DA:12,26
DA:13,26
DA:14,1
DA:15,1
DA:16,26
DA:17,25
DA:18,25
DA:19,25
DA:20,26
DA:21,26
DA:22,26
DA:23,1
DA:24,1
DA:25,3
DA:26,2
DA:27,2
DA:28,3
DA:29,1
DA:30,1
DA:31,1
DA:32,3
DA:33,3
DA:34,3
DA:35,3
DA:36,1
DA:37,1
DA:38,1
DA:39,3
DA:40,3
DA:41,1
DA:42,1
DA:43,3
DA:44,3
DA:45,3
DA:46,1
DA:47,1
DA:48,3
DA:49,2
DA:50,2
DA:51,2
DA:52,3
DA:53,3
DA:54,3
DA:55,3
DA:56,1
DA:57,1
DA:58,3
DA:59,2
DA:60,2
DA:61,2
DA:62,2
DA:63,3
DA:64,1
DA:65,1
DA:66,3
DA:67,3
DA:68,1
DA:69,1
DA:70,11
DA:71,3
DA:72,3
DA:73,11
DA:74,11
DA:75,10
DA:76,10
DA:77,11
DA:78,11
DA:79,1
DA:80,1
DA:81,2
DA:82,2
DA:83,1
DA:84,1
DA:85,1
DA:86,1
DA:87,1
DA:88,1
DA:89,1
DA:90,5
DA:91,5
DA:92,5
DA:93,2
DA:94,2
DA:95,2
DA:96,2
DA:97,2
DA:98,2
DA:99,2
DA:100,2
DA:101,2
DA:102,2
DA:103,1
DA:104,1
DA:105,1
DA:106,1
DA:107,1
DA:108,1
DA:109,1
DA:110,1
DA:111,1
DA:112,1
DA:113,1
DA:114,1
DA:115,1
LF:115
LH:115
BRDA:4,0,0,21
BRDA:11,1,0,26
BRDA:13,2,0,1
BRDA:16,3,0,25
BRDA:24,4,0,3
BRDA:25,5,0,1
BRDA:25,6,0,2
BRDA:28,7,0,1
BRDA:35,8,0,1
BRDA:42,9,0,3
BRDA:45,10,0,1
BRDA:48,11,0,2
BRDA:57,12,0,3
BRDA:58,13,0,1
BRDA:58,14,0,2
BRDA:63,15,0,1
BRDA:69,16,0,11
BRDA:70,17,0,9
BRDA:70,18,0,3
BRDA:74,19,0,10
BRDA:80,20,0,2
BRDA:82,21,0,1
BRDA:89,22,0,5
BRDA:90,23,0,1
BRDA:90,24,0,4
BRDA:91,25,0,1
BRDA:91,26,0,3
BRDA:92,27,0,1
BRDA:92,28,0,2
BRF:29
BRH:29
end_of_record
TN:
SF:linkedList/Node.js
FN:2,Node
FNF:1
FNH:1
FNDA:59,Node
DA:1,1
DA:2,1
DA:3,59
DA:4,59
DA:5,59
DA:6,1
DA:7,1
DA:8,1
LF:8
LH:8
BRDA:2,0,0,59
BRF:1
BRH:1
end_of_record
